[29-Nov-2017 21:35:19 UTC] PHP Warning:  include(../../dbConnection.php): failed to open stream: No such file or directory in /home/ubuntu/workspace/cst336/Labs/Lab_9/api/getPetInfo.php on line 3
[29-Nov-2017 21:35:19 UTC] PHP Stack trace:
[29-Nov-2017 21:35:19 UTC] PHP   1. {main}() /home/ubuntu/workspace/cst336/Labs/Lab_9/api/getPetInfo.php:0
[29-Nov-2017 21:35:19 UTC] PHP Warning:  include(): Failed opening '../../dbConnection.php' for inclusion (include_path='.:/usr/share/php:/usr/share/pear') in /home/ubuntu/workspace/cst336/Labs/Lab_9/api/getPetInfo.php on line 3
[29-Nov-2017 21:35:19 UTC] PHP Stack trace:
[29-Nov-2017 21:35:19 UTC] PHP   1. {main}() /home/ubuntu/workspace/cst336/Labs/Lab_9/api/getPetInfo.php:0
[29-Nov-2017 21:35:19 UTC] PHP Fatal error:  Call to undefined function getDBConnection() in /home/ubuntu/workspace/cst336/Labs/Lab_9/api/getPetInfo.php on line 4
[29-Nov-2017 21:35:19 UTC] PHP Stack trace:
[29-Nov-2017 21:35:19 UTC] PHP   1. {main}() /home/ubuntu/workspace/cst336/Labs/Lab_9/api/getPetInfo.php:0
[29-Nov-2017 21:36:05 UTC] PHP Warning:  include(../../dbConnection.php): failed to open stream: No such file or directory in /home/ubuntu/workspace/cst336/Labs/Lab_9/api/getPetInfo.php on line 3
[29-Nov-2017 21:36:05 UTC] PHP Stack trace:
[29-Nov-2017 21:36:05 UTC] PHP   1. {main}() /home/ubuntu/workspace/cst336/Labs/Lab_9/api/getPetInfo.php:0
[29-Nov-2017 21:36:05 UTC] PHP Warning:  include(): Failed opening '../../dbConnection.php' for inclusion (include_path='.:/usr/share/php:/usr/share/pear') in /home/ubuntu/workspace/cst336/Labs/Lab_9/api/getPetInfo.php on line 3
[29-Nov-2017 21:36:05 UTC] PHP Stack trace:
[29-Nov-2017 21:36:05 UTC] PHP   1. {main}() /home/ubuntu/workspace/cst336/Labs/Lab_9/api/getPetInfo.php:0
[29-Nov-2017 21:36:05 UTC] PHP Fatal error:  Call to undefined function getDataBaseConnection() in /home/ubuntu/workspace/cst336/Labs/Lab_9/api/getPetInfo.php on line 4
[29-Nov-2017 21:36:05 UTC] PHP Stack trace:
[29-Nov-2017 21:36:05 UTC] PHP   1. {main}() /home/ubuntu/workspace/cst336/Labs/Lab_9/api/getPetInfo.php:0
[29-Nov-2017 21:36:08 UTC] PHP Warning:  include(../../dbConnection.php): failed to open stream: No such file or directory in /home/ubuntu/workspace/cst336/Labs/Lab_9/api/getPetInfo.php on line 3
[29-Nov-2017 21:36:08 UTC] PHP Stack trace:
[29-Nov-2017 21:36:08 UTC] PHP   1. {main}() /home/ubuntu/workspace/cst336/Labs/Lab_9/api/getPetInfo.php:0
[29-Nov-2017 21:36:08 UTC] PHP Warning:  include(): Failed opening '../../dbConnection.php' for inclusion (include_path='.:/usr/share/php:/usr/share/pear') in /home/ubuntu/workspace/cst336/Labs/Lab_9/api/getPetInfo.php on line 3
[29-Nov-2017 21:36:08 UTC] PHP Stack trace:
[29-Nov-2017 21:36:08 UTC] PHP   1. {main}() /home/ubuntu/workspace/cst336/Labs/Lab_9/api/getPetInfo.php:0
[29-Nov-2017 21:36:08 UTC] PHP Fatal error:  Call to undefined function getDataBaseConnection() in /home/ubuntu/workspace/cst336/Labs/Lab_9/api/getPetInfo.php on line 4
[29-Nov-2017 21:36:08 UTC] PHP Stack trace:
[29-Nov-2017 21:36:08 UTC] PHP   1. {main}() /home/ubuntu/workspace/cst336/Labs/Lab_9/api/getPetInfo.php:0
[29-Nov-2017 21:36:09 UTC] PHP Warning:  include(../../dbConnection.php): failed to open stream: No such file or directory in /home/ubuntu/workspace/cst336/Labs/Lab_9/api/getPetInfo.php on line 3
[29-Nov-2017 21:36:09 UTC] PHP Stack trace:
[29-Nov-2017 21:36:09 UTC] PHP   1. {main}() /home/ubuntu/workspace/cst336/Labs/Lab_9/api/getPetInfo.php:0
[29-Nov-2017 21:36:09 UTC] PHP Warning:  include(): Failed opening '../../dbConnection.php' for inclusion (include_path='.:/usr/share/php:/usr/share/pear') in /home/ubuntu/workspace/cst336/Labs/Lab_9/api/getPetInfo.php on line 3
[29-Nov-2017 21:36:09 UTC] PHP Stack trace:
[29-Nov-2017 21:36:09 UTC] PHP   1. {main}() /home/ubuntu/workspace/cst336/Labs/Lab_9/api/getPetInfo.php:0
[29-Nov-2017 21:36:09 UTC] PHP Fatal error:  Call to undefined function getDataBaseConnection() in /home/ubuntu/workspace/cst336/Labs/Lab_9/api/getPetInfo.php on line 4
[29-Nov-2017 21:36:09 UTC] PHP Stack trace:
[29-Nov-2017 21:36:09 UTC] PHP   1. {main}() /home/ubuntu/workspace/cst336/Labs/Lab_9/api/getPetInfo.php:0
[29-Nov-2017 21:36:10 UTC] PHP Warning:  include(../../dbConnection.php): failed to open stream: No such file or directory in /home/ubuntu/workspace/cst336/Labs/Lab_9/api/getPetInfo.php on line 3
[29-Nov-2017 21:36:10 UTC] PHP Stack trace:
[29-Nov-2017 21:36:10 UTC] PHP   1. {main}() /home/ubuntu/workspace/cst336/Labs/Lab_9/api/getPetInfo.php:0
[29-Nov-2017 21:36:10 UTC] PHP Warning:  include(): Failed opening '../../dbConnection.php' for inclusion (include_path='.:/usr/share/php:/usr/share/pear') in /home/ubuntu/workspace/cst336/Labs/Lab_9/api/getPetInfo.php on line 3
[29-Nov-2017 21:36:10 UTC] PHP Stack trace:
[29-Nov-2017 21:36:10 UTC] PHP   1. {main}() /home/ubuntu/workspace/cst336/Labs/Lab_9/api/getPetInfo.php:0
[29-Nov-2017 21:36:10 UTC] PHP Fatal error:  Call to undefined function getDataBaseConnection() in /home/ubuntu/workspace/cst336/Labs/Lab_9/api/getPetInfo.php on line 4
[29-Nov-2017 21:36:10 UTC] PHP Stack trace:
[29-Nov-2017 21:36:10 UTC] PHP   1. {main}() /home/ubuntu/workspace/cst336/Labs/Lab_9/api/getPetInfo.php:0
[29-Nov-2017 21:36:35 UTC] PHP Warning:  include(../../dbConnection.php): failed to open stream: No such file or directory in /home/ubuntu/workspace/cst336/Labs/Lab_9/api/getPetInfo.php on line 3
[29-Nov-2017 21:36:35 UTC] PHP Stack trace:
[29-Nov-2017 21:36:35 UTC] PHP   1. {main}() /home/ubuntu/workspace/cst336/Labs/Lab_9/api/getPetInfo.php:0
[29-Nov-2017 21:36:35 UTC] PHP Warning:  include(): Failed opening '../../dbConnection.php' for inclusion (include_path='.:/usr/share/php:/usr/share/pear') in /home/ubuntu/workspace/cst336/Labs/Lab_9/api/getPetInfo.php on line 3
[29-Nov-2017 21:36:35 UTC] PHP Stack trace:
[29-Nov-2017 21:36:35 UTC] PHP   1. {main}() /home/ubuntu/workspace/cst336/Labs/Lab_9/api/getPetInfo.php:0
[29-Nov-2017 21:36:35 UTC] PHP Fatal error:  Call to undefined function getDataBaseConnection() in /home/ubuntu/workspace/cst336/Labs/Lab_9/api/getPetInfo.php on line 4
[29-Nov-2017 21:36:35 UTC] PHP Stack trace:
[29-Nov-2017 21:36:35 UTC] PHP   1. {main}() /home/ubuntu/workspace/cst336/Labs/Lab_9/api/getPetInfo.php:0
