[08-Oct-2017 23:30:27 UTC] PHP Warning:  include(api/pixabayAPI.php): failed to open stream: No such file or directory in /home/ubuntu/workspace/cst336/Homework/Homework_3/inc/profile.php on line 2
[08-Oct-2017 23:30:27 UTC] PHP Stack trace:
[08-Oct-2017 23:30:27 UTC] PHP   1. {main}() /home/ubuntu/workspace/cst336/Homework/Homework_3/inc/profile.php:0
[08-Oct-2017 23:30:27 UTC] PHP Warning:  include(): Failed opening 'api/pixabayAPI.php' for inclusion (include_path='.:/usr/share/php:/usr/share/pear') in /home/ubuntu/workspace/cst336/Homework/Homework_3/inc/profile.php on line 2
[08-Oct-2017 23:30:27 UTC] PHP Stack trace:
[08-Oct-2017 23:30:27 UTC] PHP   1. {main}() /home/ubuntu/workspace/cst336/Homework/Homework_3/inc/profile.php:0
[08-Oct-2017 23:30:54 UTC] PHP Warning:  include(api/pixabayAPI.php): failed to open stream: No such file or directory in /home/ubuntu/workspace/cst336/Homework/Homework_3/inc/profile.php on line 2
[08-Oct-2017 23:30:54 UTC] PHP Stack trace:
[08-Oct-2017 23:30:54 UTC] PHP   1. {main}() /home/ubuntu/workspace/cst336/Homework/Homework_3/inc/profile.php:0
[08-Oct-2017 23:30:54 UTC] PHP Warning:  include(): Failed opening 'api/pixabayAPI.php' for inclusion (include_path='.:/usr/share/php:/usr/share/pear') in /home/ubuntu/workspace/cst336/Homework/Homework_3/inc/profile.php on line 2
[08-Oct-2017 23:30:54 UTC] PHP Stack trace:
[08-Oct-2017 23:30:54 UTC] PHP   1. {main}() /home/ubuntu/workspace/cst336/Homework/Homework_3/inc/profile.php:0
[08-Oct-2017 23:31:00 UTC] PHP Warning:  include(api/pixabayAPI.php): failed to open stream: No such file or directory in /home/ubuntu/workspace/cst336/Homework/Homework_3/inc/profile.php on line 2
[08-Oct-2017 23:31:00 UTC] PHP Stack trace:
[08-Oct-2017 23:31:00 UTC] PHP   1. {main}() /home/ubuntu/workspace/cst336/Homework/Homework_3/inc/profile.php:0
[08-Oct-2017 23:31:00 UTC] PHP Warning:  include(): Failed opening 'api/pixabayAPI.php' for inclusion (include_path='.:/usr/share/php:/usr/share/pear') in /home/ubuntu/workspace/cst336/Homework/Homework_3/inc/profile.php on line 2
[08-Oct-2017 23:31:00 UTC] PHP Stack trace:
[08-Oct-2017 23:31:00 UTC] PHP   1. {main}() /home/ubuntu/workspace/cst336/Homework/Homework_3/inc/profile.php:0
[08-Oct-2017 23:31:19 UTC] PHP Warning:  include(pixabayAPI.php): failed to open stream: No such file or directory in /home/ubuntu/workspace/cst336/Homework/Homework_3/inc/profile.php on line 2
[08-Oct-2017 23:31:19 UTC] PHP Stack trace:
[08-Oct-2017 23:31:19 UTC] PHP   1. {main}() /home/ubuntu/workspace/cst336/Homework/Homework_3/inc/profile.php:0
[08-Oct-2017 23:31:19 UTC] PHP Warning:  include(): Failed opening 'pixabayAPI.php' for inclusion (include_path='.:/usr/share/php:/usr/share/pear') in /home/ubuntu/workspace/cst336/Homework/Homework_3/inc/profile.php on line 2
[08-Oct-2017 23:31:19 UTC] PHP Stack trace:
[08-Oct-2017 23:31:19 UTC] PHP   1. {main}() /home/ubuntu/workspace/cst336/Homework/Homework_3/inc/profile.php:0
[08-Oct-2017 23:31:26 UTC] PHP Warning:  include(pixabayAPI.php): failed to open stream: No such file or directory in /home/ubuntu/workspace/cst336/Homework/Homework_3/inc/profile.php on line 2
[08-Oct-2017 23:31:26 UTC] PHP Stack trace:
[08-Oct-2017 23:31:26 UTC] PHP   1. {main}() /home/ubuntu/workspace/cst336/Homework/Homework_3/inc/profile.php:0
[08-Oct-2017 23:31:26 UTC] PHP Warning:  include(): Failed opening 'pixabayAPI.php' for inclusion (include_path='.:/usr/share/php:/usr/share/pear') in /home/ubuntu/workspace/cst336/Homework/Homework_3/inc/profile.php on line 2
[08-Oct-2017 23:31:26 UTC] PHP Stack trace:
[08-Oct-2017 23:31:26 UTC] PHP   1. {main}() /home/ubuntu/workspace/cst336/Homework/Homework_3/inc/profile.php:0
[08-Oct-2017 23:32:04 UTC] PHP Warning:  include(../inc/pixabayAPI.php): failed to open stream: No such file or directory in /home/ubuntu/workspace/cst336/Homework/Homework_3/inc/profile.php on line 2
[08-Oct-2017 23:32:04 UTC] PHP Stack trace:
[08-Oct-2017 23:32:04 UTC] PHP   1. {main}() /home/ubuntu/workspace/cst336/Homework/Homework_3/inc/profile.php:0
[08-Oct-2017 23:32:04 UTC] PHP Warning:  include(): Failed opening '../inc/pixabayAPI.php' for inclusion (include_path='.:/usr/share/php:/usr/share/pear') in /home/ubuntu/workspace/cst336/Homework/Homework_3/inc/profile.php on line 2
[08-Oct-2017 23:32:04 UTC] PHP Stack trace:
[08-Oct-2017 23:32:04 UTC] PHP   1. {main}() /home/ubuntu/workspace/cst336/Homework/Homework_3/inc/profile.php:0
[08-Oct-2017 23:32:06 UTC] PHP Warning:  include(../inc/pixabayAPI.php): failed to open stream: No such file or directory in /home/ubuntu/workspace/cst336/Homework/Homework_3/inc/profile.php on line 2
[08-Oct-2017 23:32:06 UTC] PHP Stack trace:
[08-Oct-2017 23:32:06 UTC] PHP   1. {main}() /home/ubuntu/workspace/cst336/Homework/Homework_3/inc/profile.php:0
[08-Oct-2017 23:32:06 UTC] PHP Warning:  include(): Failed opening '../inc/pixabayAPI.php' for inclusion (include_path='.:/usr/share/php:/usr/share/pear') in /home/ubuntu/workspace/cst336/Homework/Homework_3/inc/profile.php on line 2
[08-Oct-2017 23:32:06 UTC] PHP Stack trace:
[08-Oct-2017 23:32:06 UTC] PHP   1. {main}() /home/ubuntu/workspace/cst336/Homework/Homework_3/inc/profile.php:0
[08-Oct-2017 23:32:12 UTC] PHP Warning:  include(/inc/pixabayAPI.php): failed to open stream: No such file or directory in /home/ubuntu/workspace/cst336/Homework/Homework_3/inc/profile.php on line 2
[08-Oct-2017 23:32:12 UTC] PHP Stack trace:
[08-Oct-2017 23:32:12 UTC] PHP   1. {main}() /home/ubuntu/workspace/cst336/Homework/Homework_3/inc/profile.php:0
[08-Oct-2017 23:32:12 UTC] PHP Warning:  include(): Failed opening '/inc/pixabayAPI.php' for inclusion (include_path='.:/usr/share/php:/usr/share/pear') in /home/ubuntu/workspace/cst336/Homework/Homework_3/inc/profile.php on line 2
[08-Oct-2017 23:32:12 UTC] PHP Stack trace:
[08-Oct-2017 23:32:12 UTC] PHP   1. {main}() /home/ubuntu/workspace/cst336/Homework/Homework_3/inc/profile.php:0
