[08-Sep-2017 06:25:13 UTC] PHP Warning:  Missing argument 2 for displaySymbol(), called in /home/ubuntu/workspace/cst336/Labs/Lab_2/inc/functions.php on line 44 and defined in /home/ubuntu/workspace/cst336/Labs/Lab_2/inc/functions.php on line 2
[08-Sep-2017 06:25:13 UTC] PHP Stack trace:
[08-Sep-2017 06:25:13 UTC] PHP   1. {main}() /home/ubuntu/workspace/cst336/Labs/Lab_2/index.php:0
[08-Sep-2017 06:25:13 UTC] PHP   2. play() /home/ubuntu/workspace/cst336/Labs/Lab_2/index.php:14
[08-Sep-2017 06:25:13 UTC] PHP   3. displaySymbol() /home/ubuntu/workspace/cst336/Labs/Lab_2/inc/functions.php:44
[08-Sep-2017 06:25:13 UTC] PHP Warning:  Missing argument 2 for displaySymbol(), called in /home/ubuntu/workspace/cst336/Labs/Lab_2/inc/functions.php on line 44 and defined in /home/ubuntu/workspace/cst336/Labs/Lab_2/inc/functions.php on line 2
[08-Sep-2017 06:25:13 UTC] PHP Stack trace:
[08-Sep-2017 06:25:13 UTC] PHP   1. {main}() /home/ubuntu/workspace/cst336/Labs/Lab_2/index.php:0
[08-Sep-2017 06:25:13 UTC] PHP   2. play() /home/ubuntu/workspace/cst336/Labs/Lab_2/index.php:14
[08-Sep-2017 06:25:13 UTC] PHP   3. displaySymbol() /home/ubuntu/workspace/cst336/Labs/Lab_2/inc/functions.php:44
[08-Sep-2017 06:25:13 UTC] PHP Warning:  Missing argument 2 for displaySymbol(), called in /home/ubuntu/workspace/cst336/Labs/Lab_2/inc/functions.php on line 44 and defined in /home/ubuntu/workspace/cst336/Labs/Lab_2/inc/functions.php on line 2
[08-Sep-2017 06:25:13 UTC] PHP Stack trace:
[08-Sep-2017 06:25:13 UTC] PHP   1. {main}() /home/ubuntu/workspace/cst336/Labs/Lab_2/index.php:0
[08-Sep-2017 06:25:13 UTC] PHP   2. play() /home/ubuntu/workspace/cst336/Labs/Lab_2/index.php:14
[08-Sep-2017 06:25:13 UTC] PHP   3. displaySymbol() /home/ubuntu/workspace/cst336/Labs/Lab_2/inc/functions.php:44
[08-Sep-2017 06:25:25 UTC] PHP Warning:  Missing argument 2 for displaySymbol(), called in /home/ubuntu/workspace/cst336/Labs/Lab_2/inc/functions.php on line 44 and defined in /home/ubuntu/workspace/cst336/Labs/Lab_2/inc/functions.php on line 2
[08-Sep-2017 06:25:25 UTC] PHP Stack trace:
[08-Sep-2017 06:25:25 UTC] PHP   1. {main}() /home/ubuntu/workspace/cst336/Labs/Lab_2/index.php:0
[08-Sep-2017 06:25:25 UTC] PHP   2. play() /home/ubuntu/workspace/cst336/Labs/Lab_2/index.php:14
[08-Sep-2017 06:25:25 UTC] PHP   3. displaySymbol() /home/ubuntu/workspace/cst336/Labs/Lab_2/inc/functions.php:44
[08-Sep-2017 06:25:25 UTC] PHP Warning:  Missing argument 2 for displaySymbol(), called in /home/ubuntu/workspace/cst336/Labs/Lab_2/inc/functions.php on line 44 and defined in /home/ubuntu/workspace/cst336/Labs/Lab_2/inc/functions.php on line 2
[08-Sep-2017 06:25:25 UTC] PHP Stack trace:
[08-Sep-2017 06:25:25 UTC] PHP   1. {main}() /home/ubuntu/workspace/cst336/Labs/Lab_2/index.php:0
[08-Sep-2017 06:25:25 UTC] PHP   2. play() /home/ubuntu/workspace/cst336/Labs/Lab_2/index.php:14
[08-Sep-2017 06:25:25 UTC] PHP   3. displaySymbol() /home/ubuntu/workspace/cst336/Labs/Lab_2/inc/functions.php:44
[08-Sep-2017 06:25:25 UTC] PHP Warning:  Missing argument 2 for displaySymbol(), called in /home/ubuntu/workspace/cst336/Labs/Lab_2/inc/functions.php on line 44 and defined in /home/ubuntu/workspace/cst336/Labs/Lab_2/inc/functions.php on line 2
[08-Sep-2017 06:25:25 UTC] PHP Stack trace:
[08-Sep-2017 06:25:25 UTC] PHP   1. {main}() /home/ubuntu/workspace/cst336/Labs/Lab_2/index.php:0
[08-Sep-2017 06:25:25 UTC] PHP   2. play() /home/ubuntu/workspace/cst336/Labs/Lab_2/index.php:14
[08-Sep-2017 06:25:25 UTC] PHP   3. displaySymbol() /home/ubuntu/workspace/cst336/Labs/Lab_2/inc/functions.php:44
[08-Sep-2017 06:25:26 UTC] PHP Warning:  Missing argument 2 for displaySymbol(), called in /home/ubuntu/workspace/cst336/Labs/Lab_2/inc/functions.php on line 44 and defined in /home/ubuntu/workspace/cst336/Labs/Lab_2/inc/functions.php on line 2
[08-Sep-2017 06:25:26 UTC] PHP Stack trace:
[08-Sep-2017 06:25:26 UTC] PHP   1. {main}() /home/ubuntu/workspace/cst336/Labs/Lab_2/index.php:0
[08-Sep-2017 06:25:26 UTC] PHP   2. play() /home/ubuntu/workspace/cst336/Labs/Lab_2/index.php:14
[08-Sep-2017 06:25:26 UTC] PHP   3. displaySymbol() /home/ubuntu/workspace/cst336/Labs/Lab_2/inc/functions.php:44
[08-Sep-2017 06:25:26 UTC] PHP Warning:  Missing argument 2 for displaySymbol(), called in /home/ubuntu/workspace/cst336/Labs/Lab_2/inc/functions.php on line 44 and defined in /home/ubuntu/workspace/cst336/Labs/Lab_2/inc/functions.php on line 2
[08-Sep-2017 06:25:26 UTC] PHP Stack trace:
[08-Sep-2017 06:25:26 UTC] PHP   1. {main}() /home/ubuntu/workspace/cst336/Labs/Lab_2/index.php:0
[08-Sep-2017 06:25:26 UTC] PHP   2. play() /home/ubuntu/workspace/cst336/Labs/Lab_2/index.php:14
[08-Sep-2017 06:25:26 UTC] PHP   3. displaySymbol() /home/ubuntu/workspace/cst336/Labs/Lab_2/inc/functions.php:44
[08-Sep-2017 06:25:26 UTC] PHP Warning:  Missing argument 2 for displaySymbol(), called in /home/ubuntu/workspace/cst336/Labs/Lab_2/inc/functions.php on line 44 and defined in /home/ubuntu/workspace/cst336/Labs/Lab_2/inc/functions.php on line 2
[08-Sep-2017 06:25:26 UTC] PHP Stack trace:
[08-Sep-2017 06:25:26 UTC] PHP   1. {main}() /home/ubuntu/workspace/cst336/Labs/Lab_2/index.php:0
[08-Sep-2017 06:25:26 UTC] PHP   2. play() /home/ubuntu/workspace/cst336/Labs/Lab_2/index.php:14
[08-Sep-2017 06:25:26 UTC] PHP   3. displaySymbol() /home/ubuntu/workspace/cst336/Labs/Lab_2/inc/functions.php:44
[08-Sep-2017 06:25:27 UTC] PHP Warning:  Missing argument 2 for displaySymbol(), called in /home/ubuntu/workspace/cst336/Labs/Lab_2/inc/functions.php on line 44 and defined in /home/ubuntu/workspace/cst336/Labs/Lab_2/inc/functions.php on line 2
[08-Sep-2017 06:25:27 UTC] PHP Stack trace:
[08-Sep-2017 06:25:27 UTC] PHP   1. {main}() /home/ubuntu/workspace/cst336/Labs/Lab_2/index.php:0
[08-Sep-2017 06:25:27 UTC] PHP   2. play() /home/ubuntu/workspace/cst336/Labs/Lab_2/index.php:14
[08-Sep-2017 06:25:27 UTC] PHP   3. displaySymbol() /home/ubuntu/workspace/cst336/Labs/Lab_2/inc/functions.php:44
[08-Sep-2017 06:25:27 UTC] PHP Warning:  Missing argument 2 for displaySymbol(), called in /home/ubuntu/workspace/cst336/Labs/Lab_2/inc/functions.php on line 44 and defined in /home/ubuntu/workspace/cst336/Labs/Lab_2/inc/functions.php on line 2
[08-Sep-2017 06:25:27 UTC] PHP Stack trace:
[08-Sep-2017 06:25:27 UTC] PHP   1. {main}() /home/ubuntu/workspace/cst336/Labs/Lab_2/index.php:0
[08-Sep-2017 06:25:27 UTC] PHP   2. play() /home/ubuntu/workspace/cst336/Labs/Lab_2/index.php:14
[08-Sep-2017 06:25:27 UTC] PHP   3. displaySymbol() /home/ubuntu/workspace/cst336/Labs/Lab_2/inc/functions.php:44
[08-Sep-2017 06:25:27 UTC] PHP Warning:  Missing argument 2 for displaySymbol(), called in /home/ubuntu/workspace/cst336/Labs/Lab_2/inc/functions.php on line 44 and defined in /home/ubuntu/workspace/cst336/Labs/Lab_2/inc/functions.php on line 2
[08-Sep-2017 06:25:27 UTC] PHP Stack trace:
[08-Sep-2017 06:25:27 UTC] PHP   1. {main}() /home/ubuntu/workspace/cst336/Labs/Lab_2/index.php:0
[08-Sep-2017 06:25:27 UTC] PHP   2. play() /home/ubuntu/workspace/cst336/Labs/Lab_2/index.php:14
[08-Sep-2017 06:25:27 UTC] PHP   3. displaySymbol() /home/ubuntu/workspace/cst336/Labs/Lab_2/inc/functions.php:44
[08-Sep-2017 06:49:35 UTC] PHP Fatal error:  Call to undefined function play() in /home/ubuntu/workspace/cst336/Labs/Lab_2/index.php on line 14
[08-Sep-2017 06:49:35 UTC] PHP Stack trace:
[08-Sep-2017 06:49:35 UTC] PHP   1. {main}() /home/ubuntu/workspace/cst336/Labs/Lab_2/index.php:0
